CRITICAL - 2021-12-04 16:13:45 --> The framework needs the following extension(s) installed and loaded: intl.
#0 C:\Users\Sharon Excelli\Desktop\proyek-pweb\system\CodeIgniter.php(219): CodeIgniter\Exceptions\FrameworkException::forMissingExtension('intl')
#1 C:\Users\Sharon Excelli\Desktop\proyek-pweb\system\CodeIgniter.php(177): CodeIgniter\CodeIgniter->resolvePlatformExtensions()
#2 C:\Users\Sharon Excelli\Desktop\proyek-pweb\system\bootstrap.php(146): CodeIgniter\CodeIgniter->initialize()
#3 C:\Users\Sharon Excelli\Desktop\proyek-pweb\spark(45): require('C:\\Users\\Sharon...')
#4 {main}
ERROR - 2021-12-04 11:06:11 --> Error connecting to the database: Access denied for user ''@'localhost' (using password: NO)
CRITICAL - 2021-12-04 11:06:11 --> Unable to connect to the database.
Main connection [MySQLi]: Access denied for user ''@'localhost' (using password: NO)
#0 C:\Users\Sharon Excelli\Desktop\proyek-pweb\system\Database\BaseConnection.php(577): CodeIgniter\Database\BaseConnection->initialize()
#1 C:\Users\Sharon Excelli\Desktop\proyek-pweb\system\Database\BaseBuilder.php(1443): CodeIgniter\Database\BaseConnection->query('SELECT *\nFROM `...', Array, false)
#2 C:\Users\Sharon Excelli\Desktop\proyek-pweb\system\Model.php(183): CodeIgniter\Database\BaseBuilder->get()
#3 C:\Users\Sharon Excelli\Desktop\proyek-pweb\system\BaseModel.php(584): CodeIgniter\Model->doFindAll(0, 0)
#4 C:\Users\Sharon Excelli\Desktop\proyek-pweb\app\Models\MusikModel.php(16): CodeIgniter\BaseModel->findAll()
#5 C:\Users\Sharon Excelli\Desktop\proyek-pweb\app\Controllers\Musik.php(23): App\Models\MusikModel->getMusik()
#6 C:\Users\Sharon Excelli\Desktop\proyek-pweb\system\CodeIgniter.php(824): App\Controllers\Musik->index()
#7 C:\Users\Sharon Excelli\Desktop\proyek-pweb\system\CodeIgniter.php(410): CodeIgniter\CodeIgniter->runController(Object(App\Controllers\Musik))
#8 C:\Users\Sharon Excelli\Desktop\proyek-pweb\system\CodeIgniter.php(318): CodeIgniter\CodeIgniter->handleRequest(NULL, Object(Config\Cache), false)
#9 C:\Users\Sharon Excelli\Desktop\proyek-pweb\public\index.php(37): CodeIgniter\CodeIgniter->run()
#10 C:\Users\Sharon Excelli\Desktop\proyek-pweb\system\Commands\Server\rewrite.php(43): require_once('C:\\Users\\Sharon...')
#11 {main}
ERROR - 2021-12-04 11:08:40 --> Error connecting to the database: Unknown database 'test_ci4'
CRITICAL - 2021-12-04 11:08:40 --> Unable to connect to the database.
Main connection [MySQLi]: Unknown database 'test_ci4'
#0 C:\Users\Sharon Excelli\Desktop\proyek-pweb\system\Database\BaseConnection.php(577): CodeIgniter\Database\BaseConnection->initialize()
#1 C:\Users\Sharon Excelli\Desktop\proyek-pweb\system\Database\BaseBuilder.php(1443): CodeIgniter\Database\BaseConnection->query('SELECT *\nFROM `...', Array, false)
#2 C:\Users\Sharon Excelli\Desktop\proyek-pweb\system\Model.php(183): CodeIgniter\Database\BaseBuilder->get()
#3 C:\Users\Sharon Excelli\Desktop\proyek-pweb\system\BaseModel.php(584): CodeIgniter\Model->doFindAll(0, 0)
#4 C:\Users\Sharon Excelli\Desktop\proyek-pweb\app\Models\MusikModel.php(16): CodeIgniter\BaseModel->findAll()
#5 C:\Users\Sharon Excelli\Desktop\proyek-pweb\app\Controllers\Musik.php(23): App\Models\MusikModel->getMusik()
#6 C:\Users\Sharon Excelli\Desktop\proyek-pweb\system\CodeIgniter.php(824): App\Controllers\Musik->index()
#7 C:\Users\Sharon Excelli\Desktop\proyek-pweb\system\CodeIgniter.php(410): CodeIgniter\CodeIgniter->runController(Object(App\Controllers\Musik))
#8 C:\Users\Sharon Excelli\Desktop\proyek-pweb\system\CodeIgniter.php(318): CodeIgniter\CodeIgniter->handleRequest(NULL, Object(Config\Cache), false)
#9 C:\Users\Sharon Excelli\Desktop\proyek-pweb\public\index.php(37): CodeIgniter\CodeIgniter->run()
#10 C:\Users\Sharon Excelli\Desktop\proyek-pweb\system\Commands\Server\rewrite.php(43): require_once('C:\\Users\\Sharon...')
#11 {main}
